<?xml version="1.0" encoding="UTF-8"?>
<!-- Generated by org.testng.reporters.JUnitReportReporter -->
<testsuite hostname="DESKTOP-6BI0L5O" failures="0" tests="2" name="testNG.MultipleTestCase" time="66.474" errors="0" timestamp="2021-07-20T13:03:56 IST" skipped="0">
  <testcase classname="testNG.MultipleTestCase" name="OrangeHRM" time="37.384"/>
  <system-out/>
  <testcase classname="testNG.MultipleTestCase" name="google" time="29.090"/>
  <system-out/>
</testsuite> <!-- testNG.MultipleTestCase -->
