<?xml version="1.0" encoding="UTF-8"?>
<!-- Generated by org.testng.reporters.JUnitReportReporter -->
<testsuite hostname="DESKTOP-6BI0L5O" failures="0" tests="1" name="testNG.A" time="0.011" errors="0" timestamp="2022-02-28T15:50:07 IST" skipped="0">
  <testcase classname="testNG.A" name="f" time="0.011"/>
  <system-out/>
</testsuite> <!-- testNG.A -->
