<?xml version="1.0" encoding="UTF-8"?>
<!-- Generated by org.testng.reporters.JUnitReportReporter -->
<testsuite hostname="DESKTOP-6BI0L5O" failures="0" tests="1" name="testNG.flowOfAnnotations" time="0.016" errors="0" timestamp="2021-07-20T00:45:34 IST" skipped="0">
  <testcase classname="testNG.flowOfAnnotations" name="flowOAnnotation" time="0.016"/>
  <system-out/>
</testsuite> <!-- testNG.flowOfAnnotations -->
