<?xml version="1.0" encoding="UTF-8"?>
<!-- Generated by org.testng.reporters.JUnitReportReporter -->
<testsuite hostname="DESKTOP-6BI0L5O" failures="0" tests="1" name="testNG.B" time="0.010" errors="0" timestamp="2021-07-21T11:42:40 IST" skipped="0">
  <testcase classname="testNG.B" name="f" time="0.010"/>
  <system-out/>
</testsuite> <!-- testNG.B -->
