<?xml version="1.0" encoding="UTF-8"?>
<!-- Generated by org.testng.reporters.JUnitReportReporter -->
<testsuite hostname="DESKTOP-6BI0L5O" failures="0" tests="1" name="testNG.ParallelExecution_BlazeDemo" time="27.413" errors="0" timestamp="2021-07-21T12:30:09 IST" skipped="0">
  <testcase classname="testNG.ParallelExecution_BlazeDemo" name="BlazeDemo" time="27.413"/>
  <system-out/>
</testsuite> <!-- testNG.ParallelExecution_BlazeDemo -->
